<?xml version="1.0" encoding="UTF-8"?>
<coverage generated="1404994016">
    <project timestamp="1404994016">
        <package name="Calendar\Acl\Assertion">
            <file name="/var/debra/vendor/debranova/calendar/src/Calendar/Acl/Assertion/AssertionAbstract.php">
                <class name="AssertionAbstract" namespace="Calendar\Acl\Assertion" fullPackage="Acl.Assertion" category="Calendar" package="Acl"
                       subpackage="Assertion">
                    <metrics methods="10" coveredmethods="0" conditionals="0" coveredconditionals="0" statements="66" coveredstatements="0" elements="76"
                             coveredelements="0"/>
                </class>
                <line num="1" type="stmt" count="0"/>
                <line num="2" type="stmt" count="0"/>
                <line num="3" type="stmt" count="0"/>
                <line num="4" type="stmt" count="0"/>
                <line num="5" type="stmt" count="0"/>
                <line num="6" type="stmt" count="0"/>
                <line num="7" type="stmt" count="0"/>
                <line num="8" type="stmt" count="0"/>
                <line num="9" type="stmt" count="0"/>
                <line num="10" type="stmt" count="0"/>
                <line num="11" type="stmt" count="0"/>
                <line num="12" type="stmt" count="0"/>
                <line num="13" type="stmt" count="0"/>
                <line num="14" type="stmt" count="0"/>
                <line num="15" type="stmt" count="0"/>
                <line num="16" type="stmt" count="0"/>
                <line num="17" type="stmt" count="0"/>
                <line num="18" type="stmt" count="0"/>
                <line num="19" type="stmt" count="0"/>
                <line num="20" type="stmt" count="0"/>
                <line num="21" type="stmt" count="0"/>
                <line num="22" type="stmt" count="0"/>
                <line num="23" type="stmt" count="0"/>
                <line num="24" type="stmt" count="0"/>
                <line num="25" type="stmt" count="0"/>
                <line num="26" type="stmt" count="0"/>
                <line num="27" type="stmt" count="0"/>
                <line num="28" type="stmt" count="0"/>
                <line num="29" type="stmt" count="0"/>
                <line num="30" type="stmt" count="0"/>
                <line num="31" type="stmt" count="0"/>
                <line num="32" type="stmt" count="0"/>
                <line num="33" type="stmt" count="0"/>
                <line num="34" type="stmt" count="0"/>
                <line num="35" type="stmt" count="0"/>
                <line num="36" type="stmt" count="0"/>
                <line num="37" type="stmt" count="0"/>
                <line num="38" type="stmt" count="0"/>
                <line num="39" type="stmt" count="0"/>
                <line num="40" type="stmt" count="0"/>
                <line num="41" type="stmt" count="0"/>
                <line num="42" type="stmt" count="0"/>
                <line num="43" type="stmt" count="0"/>
                <line num="44" type="stmt" count="0"/>
                <line num="45" type="stmt" count="0"/>
                <line num="46" type="stmt" count="0"/>
                <line num="47" type="stmt" count="0"/>
                <line num="48" type="stmt" count="0"/>
                <line num="49" type="stmt" count="0"/>
                <line num="50" type="stmt" count="0"/>
                <line num="51" type="stmt" count="0"/>
                <line num="52" type="stmt" count="0"/>
                <line num="53" type="stmt" count="0"/>
                <line num="54" type="stmt" count="0"/>
                <line num="55" type="stmt" count="0"/>
                <line num="56" type="stmt" count="0"/>
                <line num="57" type="stmt" count="0"/>
                <line num="58" type="stmt" count="0"/>
                <line num="59" type="stmt" count="0"/>
                <line num="60" type="stmt" count="0"/>
                <line num="61" type="method" name="getRouteMatch" crap="2" count="0"/>
                <line num="62" type="stmt" count="0"/>
                <line num="63" type="stmt" count="0"/>
                <line num="64" type="stmt" count="0"/>
                <line num="65" type="stmt" count="0"/>
                <line num="66" type="stmt" count="0"/>
                <line num="67" type="stmt" count="0"/>
                <line num="68" type="stmt" count="0"/>
                <line num="69" type="stmt" count="0"/>
                <line num="70" type="stmt" count="0"/>
                <line num="71" type="method" name="getServiceLocator" crap="2" count="0"/>
                <line num="72" type="stmt" count="0"/>
                <line num="73" type="stmt" count="0"/>
                <line num="74" type="stmt" count="0"/>
                <line num="75" type="stmt" count="0"/>
                <line num="76" type="stmt" count="0"/>
                <line num="77" type="stmt" count="0"/>
                <line num="78" type="stmt" count="0"/>
                <line num="79" type="stmt" count="0"/>
                <line num="80" type="stmt" count="0"/>
                <line num="81" type="stmt" count="0"/>
                <line num="82" type="stmt" count="0"/>
                <line num="83" type="method" name="setServiceLocator" crap="2" count="0"/>
                <line num="84" type="stmt" count="0"/>
                <line num="85" type="stmt" count="0"/>
                <line num="86" type="stmt" count="0"/>
                <line num="87" type="stmt" count="0"/>
                <line num="88" type="stmt" count="0"/>
                <line num="89" type="stmt" count="0"/>
                <line num="90" type="stmt" count="0"/>
                <line num="91" type="stmt" count="0"/>
                <line num="92" type="stmt" count="0"/>
                <line num="93" type="method" name="hasContact" crap="2" count="0"/>
                <line num="94" type="stmt" count="0"/>
                <line num="95" type="stmt" count="0"/>
                <line num="96" type="stmt" count="0"/>
                <line num="97" type="stmt" count="0"/>
                <line num="98" type="stmt" count="0"/>
                <line num="99" type="stmt" count="0"/>
                <line num="100" type="stmt" count="0"/>
                <line num="101" type="method" name="getContactService" crap="12" count="0"/>
                <line num="102" type="stmt" count="0"/>
                <line num="103" type="stmt" count="0"/>
                <line num="104" type="stmt" count="0"/>
                <line num="105" type="stmt" count="0"/>
                <line num="106" type="stmt" count="0"/>
                <line num="107" type="stmt" count="0"/>
                <line num="108" type="stmt" count="0"/>
                <line num="109" type="stmt" count="0"/>
                <line num="110" type="stmt" count="0"/>
                <line num="111" type="stmt" count="0"/>
                <line num="112" type="stmt" count="0"/>
                <line num="113" type="stmt" count="0"/>
                <line num="114" type="stmt" count="0"/>
                <line num="115" type="stmt" count="0"/>
                <line num="116" type="stmt" count="0"/>
                <line num="117" type="stmt" count="0"/>
                <line num="118" type="stmt" count="0"/>
                <line num="119" type="stmt" count="0"/>
                <line num="120" type="method" name="setContactService" crap="2" count="0"/>
                <line num="121" type="stmt" count="0"/>
                <line num="122" type="stmt" count="0"/>
                <line num="123" type="stmt" count="0"/>
                <line num="124" type="stmt" count="0"/>
                <line num="125" type="stmt" count="0"/>
                <line num="126" type="stmt" count="0"/>
                <line num="127" type="stmt" count="0"/>
                <line num="128" type="stmt" count="0"/>
                <line num="129" type="stmt" count="0"/>
                <line num="130" type="stmt" count="0"/>
                <line num="131" type="stmt" count="0"/>
                <line num="132" type="method" name="getCalendarService" crap="2" count="0"/>
                <line num="133" type="stmt" count="0"/>
                <line num="134" type="stmt" count="0"/>
                <line num="135" type="stmt" count="0"/>
                <line num="136" type="stmt" count="0"/>
                <line num="137" type="stmt" count="0"/>
                <line num="138" type="stmt" count="0"/>
                <line num="139" type="stmt" count="0"/>
                <line num="140" type="stmt" count="0"/>
                <line num="141" type="stmt" count="0"/>
                <line num="142" type="stmt" count="0"/>
                <line num="143" type="stmt" count="0"/>
                <line num="144" type="method" name="setCalendarService" crap="2" count="0"/>
                <line num="145" type="stmt" count="0"/>
                <line num="146" type="stmt" count="0"/>
                <line num="147" type="stmt" count="0"/>
                <line num="148" type="stmt" count="0"/>
                <line num="149" type="stmt" count="0"/>
                <line num="150" type="stmt" count="0"/>
                <line num="151" type="stmt" count="0"/>
                <line num="152" type="stmt" count="0"/>
                <line num="153" type="stmt" count="0"/>
                <line num="154" type="stmt" count="0"/>
                <line num="155" type="stmt" count="0"/>
                <line num="156" type="stmt" count="0"/>
                <line num="157" type="stmt" count="0"/>
                <line num="158" type="method" name="rolesHaveAccess" crap="20" count="0"/>
                <line num="159" type="stmt" count="0"/>
                <line num="160" type="stmt" count="0"/>
                <line num="161" type="stmt" count="0"/>
                <line num="162" type="stmt" count="0"/>
                <line num="163" type="stmt" count="0"/>
                <line num="164" type="stmt" count="0"/>
                <line num="165" type="stmt" count="0"/>
                <line num="166" type="stmt" count="0"/>
                <line num="167" type="stmt" count="0"/>
                <line num="168" type="stmt" count="0"/>
                <line num="169" type="stmt" count="0"/>
                <line num="170" type="stmt" count="0"/>
                <line num="171" type="stmt" count="0"/>
                <line num="172" type="stmt" count="0"/>
                <line num="173" type="stmt" count="0"/>
                <line num="174" type="stmt" count="0"/>
                <line num="175" type="method" name="getAccessRoles" crap="12" count="0"/>
                <line num="176" type="stmt" count="0"/>
                <line num="177" type="stmt" count="0"/>
                <line num="178" type="stmt" count="0"/>
                <line num="179" type="stmt" count="0"/>
                <line num="180" type="stmt" count="0"/>
                <line num="181" type="stmt" count="0"/>
                <line num="182" type="stmt" count="0"/>
                <line num="183" type="stmt" count="0"/>
                <metrics loc="183" ncloc="99" classes="1" methods="10" coveredmethods="0" conditionals="0" coveredconditionals="0" statements="183"
                         coveredstatements="0" elements="193" coveredelements="0"/>
            </file>
            <file name="/var/debra/vendor/debranova/calendar/src/Calendar/Acl/Assertion/Calendar.php">
                <class name="Calendar" namespace="Calendar\Acl\Assertion">
                    <metrics methods="1" coveredmethods="0" conditionals="0" coveredconditionals="0" statements="24" coveredstatements="0" elements="25"
                             coveredelements="0"/>
                </class>
                <line num="1" type="stmt" count="0"/>
                <line num="2" type="stmt" count="0"/>
                <line num="3" type="stmt" count="0"/>
                <line num="4" type="stmt" count="0"/>
                <line num="5" type="stmt" count="0"/>
                <line num="6" type="stmt" count="0"/>
                <line num="7" type="stmt" count="0"/>
                <line num="8" type="stmt" count="0"/>
                <line num="9" type="stmt" count="0"/>
                <line num="10" type="stmt" count="0"/>
                <line num="11" type="stmt" count="0"/>
                <line num="12" type="stmt" count="0"/>
                <line num="13" type="stmt" count="0"/>
                <line num="14" type="stmt" count="0"/>
                <line num="15" type="stmt" count="0"/>
                <line num="16" type="stmt" count="0"/>
                <line num="17" type="stmt" count="0"/>
                <line num="18" type="stmt" count="0"/>
                <line num="19" type="stmt" count="0"/>
                <line num="20" type="stmt" count="0"/>
                <line num="21" type="stmt" count="0"/>
                <line num="22" type="stmt" count="0"/>
                <line num="23" type="stmt" count="0"/>
                <line num="24" type="stmt" count="0"/>
                <line num="25" type="stmt" count="0"/>
                <line num="26" type="stmt" count="0"/>
                <line num="27" type="stmt" count="0"/>
                <line num="28" type="stmt" count="0"/>
                <line num="29" type="stmt" count="0"/>
                <line num="30" type="stmt" count="0"/>
                <line num="31" type="stmt" count="0"/>
                <line num="32" type="stmt" count="0"/>
                <line num="33" type="method" name="assert" crap="12" count="0"/>
                <line num="34" type="stmt" count="0"/>
                <line num="35" type="stmt" count="0"/>
                <line num="36" type="stmt" count="0"/>
                <line num="37" type="stmt" count="0"/>
                <line num="38" type="stmt" count="0"/>
                <line num="39" type="stmt" count="0"/>
                <line num="40" type="stmt" count="0"/>
                <line num="41" type="stmt" count="0"/>
                <line num="42" type="stmt" count="0"/>
                <line num="43" type="stmt" count="0"/>
                <line num="44" type="stmt" count="0"/>
                <line num="45" type="stmt" count="0"/>
                <line num="46" type="stmt" count="0"/>
                <line num="47" type="stmt" count="0"/>
                <line num="48" type="stmt" count="0"/>
                <line num="49" type="stmt" count="0"/>
                <line num="50" type="stmt" count="0"/>
                <line num="51" type="stmt" count="0"/>
                <line num="52" type="stmt" count="0"/>
                <line num="53" type="stmt" count="0"/>
                <line num="54" type="stmt" count="0"/>
                <line num="55" type="stmt" count="0"/>
                <line num="56" type="stmt" count="0"/>
                <line num="57" type="stmt" count="0"/>
                <metrics loc="57" ncloc="28" classes="1" methods="1" coveredmethods="0" conditionals="0" coveredconditionals="0" statements="57"
                         coveredstatements="0" elements="58" coveredelements="0"/>
            </file>
        </package>
        <package name="Calendar\Controller">
            <file name="/var/debra/vendor/debranova/calendar/src/Calendar/Controller/CalendarAbstractController.php">
                <class name="CalendarAbstractController" namespace="Calendar\Controller">
                    <metrics methods="10" coveredmethods="0" conditionals="0" coveredconditionals="0" statements="50" coveredstatements="0" elements="60"
                             coveredelements="0"/>
                </class>
                <line num="1" type="stmt" count="0"/>
                <line num="2" type="stmt" count="0"/>
                <line num="3" type="stmt" count="0"/>
                <line num="4" type="stmt" count="0"/>
                <line num="5" type="stmt" count="0"/>
                <line num="6" type="stmt" count="0"/>
                <line num="7" type="stmt" count="0"/>
                <line num="8" type="stmt" count="0"/>
                <line num="9" type="stmt" count="0"/>
                <line num="10" type="stmt" count="0"/>
                <line num="11" type="stmt" count="0"/>
                <line num="12" type="stmt" count="0"/>
                <line num="13" type="stmt" count="0"/>
                <line num="14" type="stmt" count="0"/>
                <line num="15" type="stmt" count="0"/>
                <line num="16" type="stmt" count="0"/>
                <line num="17" type="stmt" count="0"/>
                <line num="18" type="stmt" count="0"/>
                <line num="19" type="stmt" count="0"/>
                <line num="20" type="stmt" count="0"/>
                <line num="21" type="stmt" count="0"/>
                <line num="22" type="stmt" count="0"/>
                <line num="23" type="stmt" count="0"/>
                <line num="24" type="stmt" count="0"/>
                <line num="25" type="stmt" count="0"/>
                <line num="26" type="stmt" count="0"/>
                <line num="27" type="stmt" count="0"/>
                <line num="28" type="stmt" count="0"/>
                <line num="29" type="stmt" count="0"/>
                <line num="30" type="stmt" count="0"/>
                <line num="31" type="stmt" count="0"/>
                <line num="32" type="stmt" count="0"/>
                <line num="33" type="stmt" count="0"/>
                <line num="34" type="stmt" count="0"/>
                <line num="35" type="stmt" count="0"/>
                <line num="36" type="stmt" count="0"/>
                <line num="37" type="stmt" count="0"/>
                <line num="38" type="stmt" count="0"/>
                <line num="39" type="stmt" count="0"/>
                <line num="40" type="stmt" count="0"/>
                <line num="41" type="stmt" count="0"/>
                <line num="42" type="stmt" count="0"/>
                <line num="43" type="stmt" count="0"/>
                <line num="44" type="stmt" count="0"/>
                <line num="45" type="stmt" count="0"/>
                <line num="46" type="stmt" count="0"/>
                <line num="47" type="stmt" count="0"/>
                <line num="48" type="stmt" count="0"/>
                <line num="49" type="stmt" count="0"/>
                <line num="50" type="stmt" count="0"/>
                <line num="51" type="stmt" count="0"/>
                <line num="52" type="stmt" count="0"/>
                <line num="53" type="stmt" count="0"/>
                <line num="54" type="stmt" count="0"/>
                <line num="55" type="stmt" count="0"/>
                <line num="56" type="stmt" count="0"/>
                <line num="57" type="stmt" count="0"/>
                <line num="58" type="method" name="getFormService" crap="2" count="0"/>
                <line num="59" type="stmt" count="0"/>
                <line num="60" type="stmt" count="0"/>
                <line num="61" type="stmt" count="0"/>
                <line num="62" type="stmt" count="0"/>
                <line num="63" type="stmt" count="0"/>
                <line num="64" type="stmt" count="0"/>
                <line num="65" type="stmt" count="0"/>
                <line num="66" type="stmt" count="0"/>
                <line num="67" type="stmt" count="0"/>
                <line num="68" type="method" name="setFormService" crap="2" count="0"/>
                <line num="69" type="stmt" count="0"/>
                <line num="70" type="stmt" count="0"/>
                <line num="71" type="stmt" count="0"/>
                <line num="72" type="stmt" count="0"/>
                <line num="73" type="stmt" count="0"/>
                <line num="74" type="stmt" count="0"/>
                <line num="75" type="stmt" count="0"/>
                <line num="76" type="stmt" count="0"/>
                <line num="77" type="stmt" count="0"/>
                <line num="78" type="method" name="getContactService" crap="2" count="0"/>
                <line num="79" type="stmt" count="0"/>
                <line num="80" type="stmt" count="0"/>
                <line num="81" type="stmt" count="0"/>
                <line num="82" type="stmt" count="0"/>
                <line num="83" type="stmt" count="0"/>
                <line num="84" type="stmt" count="0"/>
                <line num="85" type="stmt" count="0"/>
                <line num="86" type="stmt" count="0"/>
                <line num="87" type="stmt" count="0"/>
                <line num="88" type="method" name="setContactService" crap="2" count="0"/>
                <line num="89" type="stmt" count="0"/>
                <line num="90" type="stmt" count="0"/>
                <line num="91" type="stmt" count="0"/>
                <line num="92" type="stmt" count="0"/>
                <line num="93" type="stmt" count="0"/>
                <line num="94" type="stmt" count="0"/>
                <line num="95" type="stmt" count="0"/>
                <line num="96" type="stmt" count="0"/>
                <line num="97" type="stmt" count="0"/>
                <line num="98" type="method" name="getCalendarService" crap="2" count="0"/>
                <line num="99" type="stmt" count="0"/>
                <line num="100" type="stmt" count="0"/>
                <line num="101" type="stmt" count="0"/>
                <line num="102" type="stmt" count="0"/>
                <line num="103" type="stmt" count="0"/>
                <line num="104" type="stmt" count="0"/>
                <line num="105" type="stmt" count="0"/>
                <line num="106" type="stmt" count="0"/>
                <line num="107" type="stmt" count="0"/>
                <line num="108" type="method" name="setCalendarService" crap="2" count="0"/>
                <line num="109" type="stmt" count="0"/>
                <line num="110" type="stmt" count="0"/>
                <line num="111" type="stmt" count="0"/>
                <line num="112" type="stmt" count="0"/>
                <line num="113" type="stmt" count="0"/>
                <line num="114" type="stmt" count="0"/>
                <line num="115" type="stmt" count="0"/>
                <line num="116" type="stmt" count="0"/>
                <line num="117" type="stmt" count="0"/>
                <line num="118" type="method" name="getGeneralService" crap="2" count="0"/>
                <line num="119" type="stmt" count="0"/>
                <line num="120" type="stmt" count="0"/>
                <line num="121" type="stmt" count="0"/>
                <line num="122" type="stmt" count="0"/>
                <line num="123" type="stmt" count="0"/>
                <line num="124" type="stmt" count="0"/>
                <line num="125" type="stmt" count="0"/>
                <line num="126" type="stmt" count="0"/>
                <line num="127" type="stmt" count="0"/>
                <line num="128" type="method" name="setGeneralService" crap="2" count="0"/>
                <line num="129" type="stmt" count="0"/>
                <line num="130" type="stmt" count="0"/>
                <line num="131" type="stmt" count="0"/>
                <line num="132" type="stmt" count="0"/>
                <line num="133" type="stmt" count="0"/>
                <line num="134" type="stmt" count="0"/>
                <line num="135" type="stmt" count="0"/>
                <line num="136" type="stmt" count="0"/>
                <line num="137" type="stmt" count="0"/>
                <line num="138" type="method" name="getServiceLocator" crap="2" count="0"/>
                <line num="139" type="stmt" count="0"/>
                <line num="140" type="stmt" count="0"/>
                <line num="141" type="stmt" count="0"/>
                <line num="142" type="stmt" count="0"/>
                <line num="143" type="stmt" count="0"/>
                <line num="144" type="stmt" count="0"/>
                <line num="145" type="stmt" count="0"/>
                <line num="146" type="stmt" count="0"/>
                <line num="147" type="stmt" count="0"/>
                <line num="148" type="method" name="setServiceLocator" crap="2" count="0"/>
                <line num="149" type="stmt" count="0"/>
                <line num="150" type="stmt" count="0"/>
                <line num="151" type="stmt" count="0"/>
                <line num="152" type="stmt" count="0"/>
                <line num="153" type="stmt" count="0"/>
                <line num="154" type="stmt" count="0"/>
                <metrics loc="154" ncloc="88" classes="1" methods="10" coveredmethods="0" conditionals="0" coveredconditionals="0" statements="154"
                         coveredstatements="0" elements="164" coveredelements="0"/>
            </file>
            <file name="/var/debra/vendor/debranova/calendar/src/Calendar/Controller/CalendarCommunityController.php">
                <class name="CalendarCommunityController" namespace="Calendar\Controller">
                    <metrics methods="3" coveredmethods="0" conditionals="0" coveredconditionals="0" statements="44" coveredstatements="0" elements="47"
                             coveredelements="0"/>
                </class>
                <line num="1" type="stmt" count="0"/>
                <line num="2" type="stmt" count="0"/>
                <line num="3" type="stmt" count="0"/>
                <line num="4" type="stmt" count="0"/>
                <line num="5" type="stmt" count="0"/>
                <line num="6" type="stmt" count="0"/>
                <line num="7" type="stmt" count="0"/>
                <line num="8" type="stmt" count="0"/>
                <line num="9" type="stmt" count="0"/>
                <line num="10" type="stmt" count="0"/>
                <line num="11" type="stmt" count="0"/>
                <line num="12" type="stmt" count="0"/>
                <line num="13" type="stmt" count="0"/>
                <line num="14" type="stmt" count="0"/>
                <line num="15" type="stmt" count="0"/>
                <line num="16" type="stmt" count="0"/>
                <line num="17" type="stmt" count="0"/>
                <line num="18" type="stmt" count="0"/>
                <line num="19" type="stmt" count="0"/>
                <line num="20" type="stmt" count="0"/>
                <line num="21" type="stmt" count="0"/>
                <line num="22" type="stmt" count="0"/>
                <line num="23" type="stmt" count="0"/>
                <line num="24" type="stmt" count="0"/>
                <line num="25" type="stmt" count="0"/>
                <line num="26" type="method" name="overviewAction" crap="6" count="0"/>
                <line num="27" type="stmt" count="0"/>
                <line num="28" type="stmt" count="0"/>
                <line num="29" type="stmt" count="0"/>
                <line num="30" type="stmt" count="0"/>
                <line num="31" type="stmt" count="0"/>
                <line num="32" type="stmt" count="0"/>
                <line num="33" type="stmt" count="0"/>
                <line num="34" type="stmt" count="0"/>
                <line num="35" type="stmt" count="0"/>
                <line num="36" type="stmt" count="0"/>
                <line num="37" type="stmt" count="0"/>
                <line num="38" type="stmt" count="0"/>
                <line num="39" type="stmt" count="0"/>
                <line num="40" type="stmt" count="0"/>
                <line num="41" type="stmt" count="0"/>
                <line num="42" type="stmt" count="0"/>
                <line num="43" type="stmt" count="0"/>
                <line num="44" type="stmt" count="0"/>
                <line num="45" type="stmt" count="0"/>
                <line num="46" type="stmt" count="0"/>
                <line num="47" type="stmt" count="0"/>
                <line num="48" type="stmt" count="0"/>
                <line num="49" type="stmt" count="0"/>
                <line num="50" type="stmt" count="0"/>
                <line num="51" type="method" name="reviewCalendarAction" crap="2" count="0"/>
                <line num="52" type="stmt" count="0"/>
                <line num="53" type="stmt" count="0"/>
                <line num="54" type="stmt" count="0"/>
                <line num="55" type="stmt" count="0"/>
                <line num="56" type="stmt" count="0"/>
                <line num="57" type="stmt" count="0"/>
                <line num="58" type="stmt" count="0"/>
                <line num="59" type="stmt" count="0"/>
                <line num="60" type="stmt" count="0"/>
                <line num="61" type="stmt" count="0"/>
                <line num="62" type="stmt" count="0"/>
                <line num="63" type="stmt" count="0"/>
                <line num="64" type="stmt" count="0"/>
                <line num="65" type="method" name="calendarAction" crap="6" count="0"/>
                <line num="66" type="stmt" count="0"/>
                <line num="67" type="stmt" count="0"/>
                <line num="68" type="stmt" count="0"/>
                <line num="69" type="stmt" count="0"/>
                <line num="70" type="stmt" count="0"/>
                <line num="71" type="stmt" count="0"/>
                <line num="72" type="stmt" count="0"/>
                <line num="73" type="stmt" count="0"/>
                <line num="74" type="stmt" count="0"/>
                <line num="75" type="stmt" count="0"/>
                <line num="76" type="stmt" count="0"/>
                <line num="77" type="stmt" count="0"/>
                <line num="78" type="stmt" count="0"/>
                <line num="79" type="stmt" count="0"/>
                <line num="80" type="stmt" count="0"/>
                <metrics loc="80" ncloc="58" classes="1" methods="3" coveredmethods="0" conditionals="0" coveredconditionals="0" statements="80"
                         coveredstatements="0" elements="83" coveredelements="0"/>
            </file>
            <file name="/var/debra/vendor/debranova/calendar/src/Calendar/Controller/CalendarController.php">
                <class name="CalendarController" namespace="Calendar\Controller">
                    <metrics methods="1" coveredmethods="0" conditionals="0" coveredconditionals="0" statements="20" coveredstatements="0" elements="21"
                             coveredelements="0"/>
                </class>
                <line num="1" type="stmt" count="0"/>
                <line num="2" type="stmt" count="0"/>
                <line num="3" type="stmt" count="0"/>
                <line num="4" type="stmt" count="0"/>
                <line num="5" type="stmt" count="0"/>
                <line num="6" type="stmt" count="0"/>
                <line num="7" type="stmt" count="0"/>
                <line num="8" type="stmt" count="0"/>
                <line num="9" type="stmt" count="0"/>
                <line num="10" type="stmt" count="0"/>
                <line num="11" type="stmt" count="0"/>
                <line num="12" type="stmt" count="0"/>
                <line num="13" type="stmt" count="0"/>
                <line num="14" type="stmt" count="0"/>
                <line num="15" type="stmt" count="0"/>
                <line num="16" type="stmt" count="0"/>
                <line num="17" type="stmt" count="0"/>
                <line num="18" type="stmt" count="0"/>
                <line num="19" type="stmt" count="0"/>
                <line num="20" type="stmt" count="0"/>
                <line num="21" type="stmt" count="0"/>
                <line num="22" type="method" name="calendarTypeColorCssAction" crap="2" count="0"/>
                <line num="23" type="stmt" count="0"/>
                <line num="24" type="stmt" count="0"/>
                <line num="25" type="stmt" count="0"/>
                <line num="26" type="stmt" count="0"/>
                <line num="27" type="stmt" count="0"/>
                <line num="28" type="stmt" count="0"/>
                <line num="29" type="stmt" count="0"/>
                <line num="30" type="stmt" count="0"/>
                <line num="31" type="stmt" count="0"/>
                <line num="32" type="stmt" count="0"/>
                <line num="33" type="stmt" count="0"/>
                <line num="34" type="stmt" count="0"/>
                <line num="35" type="stmt" count="0"/>
                <line num="36" type="stmt" count="0"/>
                <line num="37" type="stmt" count="0"/>
                <line num="38" type="stmt" count="0"/>
                <line num="39" type="stmt" count="0"/>
                <line num="40" type="stmt" count="0"/>
                <line num="41" type="stmt" count="0"/>
                <line num="42" type="stmt" count="0"/>
                <metrics loc="42" ncloc="26" classes="1" methods="1" coveredmethods="0" conditionals="0" coveredconditionals="0" statements="42"
                         coveredstatements="0" elements="43" coveredelements="0"/>
            </file>
            <file name="/var/debra/vendor/debranova/calendar/src/Calendar/Controller/CalendarDocumentController.php">
                <class name="CalendarDocumentController" namespace="Calendar\Controller">
                    <metrics methods="3" coveredmethods="0" conditionals="0" coveredconditionals="0" statements="113" coveredstatements="0" elements="116"
                             coveredelements="0"/>
                </class>
                <line num="1" type="stmt" count="0"/>
                <line num="2" type="stmt" count="0"/>
                <line num="3" type="stmt" count="0"/>
                <line num="4" type="stmt" count="0"/>
                <line num="5" type="stmt" count="0"/>
                <line num="6" type="stmt" count="0"/>
                <line num="7" type="stmt" count="0"/>
                <line num="8" type="stmt" count="0"/>
                <line num="9" type="stmt" count="0"/>
                <line num="10" type="stmt" count="0"/>
                <line num="11" type="stmt" count="0"/>
                <line num="12" type="stmt" count="0"/>
                <line num="13" type="stmt" count="0"/>
                <line num="14" type="stmt" count="0"/>
                <line num="15" type="stmt" count="0"/>
                <line num="16" type="stmt" count="0"/>
                <line num="17" type="stmt" count="0"/>
                <line num="18" type="stmt" count="0"/>
                <line num="19" type="stmt" count="0"/>
                <line num="20" type="stmt" count="0"/>
                <line num="21" type="stmt" count="0"/>
                <line num="22" type="stmt" count="0"/>
                <line num="23" type="stmt" count="0"/>
                <line num="24" type="stmt" count="0"/>
                <line num="25" type="stmt" count="0"/>
                <line num="26" type="method" name="downloadAction" crap="12" count="0"/>
                <line num="27" type="stmt" count="0"/>
                <line num="28" type="stmt" count="0"/>
                <line num="29" type="stmt" count="0"/>
                <line num="30" type="stmt" count="0"/>
                <line num="31" type="stmt" count="0"/>
                <line num="32" type="stmt" count="0"/>
                <line num="33" type="stmt" count="0"/>
                <line num="34" type="stmt" count="0"/>
                <line num="35" type="stmt" count="0"/>
                <line num="36" type="stmt" count="0"/>
                <line num="37" type="stmt" count="0"/>
                <line num="38" type="stmt" count="0"/>
                <line num="39" type="stmt" count="0"/>
                <line num="40" type="stmt" count="0"/>
                <line num="41" type="stmt" count="0"/>
                <line num="42" type="stmt" count="0"/>
                <line num="43" type="stmt" count="0"/>
                <line num="44" type="stmt" count="0"/>
                <line num="45" type="stmt" count="0"/>
                <line num="46" type="stmt" count="0"/>
                <line num="47" type="stmt" count="0"/>
                <line num="48" type="stmt" count="0"/>
                <line num="49" type="stmt" count="0"/>
                <line num="50" type="stmt" count="0"/>
                <line num="51" type="stmt" count="0"/>
                <line num="52" type="stmt" count="0"/>
                <line num="53" type="stmt" count="0"/>
                <line num="54" type="stmt" count="0"/>
                <line num="55" type="stmt" count="0"/>
                <line num="56" type="stmt" count="0"/>
                <line num="57" type="stmt" count="0"/>
                <line num="58" type="stmt" count="0"/>
                <line num="59" type="stmt" count="0"/>
                <line num="60" type="method" name="documentAction" crap="2" count="0"/>
                <line num="61" type="stmt" count="0"/>
                <line num="62" type="stmt" count="0"/>
                <line num="63" type="stmt" count="0"/>
                <line num="64" type="stmt" count="0"/>
                <line num="65" type="stmt" count="0"/>
                <line num="66" type="stmt" count="0"/>
                <line num="67" type="stmt" count="0"/>
                <line num="68" type="stmt" count="0"/>
                <line num="69" type="stmt" count="0"/>
                <line num="70" type="stmt" count="0"/>
                <line num="71" type="stmt" count="0"/>
                <line num="72" type="stmt" count="0"/>
                <line num="73" type="method" name="editAction" crap="72" count="0"/>
                <line num="74" type="stmt" count="0"/>
                <line num="75" type="stmt" count="0"/>
                <line num="76" type="stmt" count="0"/>
                <line num="77" type="stmt" count="0"/>
                <line num="78" type="stmt" count="0"/>
                <line num="79" type="stmt" count="0"/>
                <line num="80" type="stmt" count="0"/>
                <line num="81" type="stmt" count="0"/>
                <line num="82" type="stmt" count="0"/>
                <line num="83" type="stmt" count="0"/>
                <line num="84" type="stmt" count="0"/>
                <line num="85" type="stmt" count="0"/>
                <line num="86" type="stmt" count="0"/>
                <line num="87" type="stmt" count="0"/>
                <line num="88" type="stmt" count="0"/>
                <line num="89" type="stmt" count="0"/>
                <line num="90" type="stmt" count="0"/>
                <line num="91" type="stmt" count="0"/>
                <line num="92" type="stmt" count="0"/>
                <line num="93" type="stmt" count="0"/>
                <line num="94" type="stmt" count="0"/>
                <line num="95" type="stmt" count="0"/>
                <line num="96" type="stmt" count="0"/>
                <line num="97" type="stmt" count="0"/>
                <line num="98" type="stmt" count="0"/>
                <line num="99" type="stmt" count="0"/>
                <line num="100" type="stmt" count="0"/>
                <line num="101" type="stmt" count="0"/>
                <line num="102" type="stmt" count="0"/>
                <line num="103" type="stmt" count="0"/>
                <line num="104" type="stmt" count="0"/>
                <line num="105" type="stmt" count="0"/>
                <line num="106" type="stmt" count="0"/>
                <line num="107" type="stmt" count="0"/>
                <line num="108" type="stmt" count="0"/>
                <line num="109" type="stmt" count="0"/>
                <line num="110" type="stmt" count="0"/>
                <line num="111" type="stmt" count="0"/>
                <line num="112" type="stmt" count="0"/>
                <line num="113" type="stmt" count="0"/>
                <line num="114" type="stmt" count="0"/>
                <line num="115" type="stmt" count="0"/>
                <line num="116" type="stmt" count="0"/>
                <line num="117" type="stmt" count="0"/>
                <line num="118" type="stmt" count="0"/>
                <line num="119" type="stmt" count="0"/>
                <line num="120" type="stmt" count="0"/>
                <line num="121" type="stmt" count="0"/>
                <line num="122" type="stmt" count="0"/>
                <line num="123" type="stmt" count="0"/>
                <line num="124" type="stmt" count="0"/>
                <line num="125" type="stmt" count="0"/>
                <line num="126" type="stmt" count="0"/>
                <line num="127" type="stmt" count="0"/>
                <line num="128" type="stmt" count="0"/>
                <line num="129" type="stmt" count="0"/>
                <line num="130" type="stmt" count="0"/>
                <line num="131" type="stmt" count="0"/>
                <line num="132" type="stmt" count="0"/>
                <line num="133" type="stmt" count="0"/>
                <line num="134" type="stmt" count="0"/>
                <line num="135" type="stmt" count="0"/>
                <line num="136" type="stmt" count="0"/>
                <line num="137" type="stmt" count="0"/>
                <line num="138" type="stmt" count="0"/>
                <line num="139" type="stmt" count="0"/>
                <line num="140" type="stmt" count="0"/>
                <line num="141" type="stmt" count="0"/>
                <line num="142" type="stmt" count="0"/>
                <line num="143" type="stmt" count="0"/>
                <line num="144" type="stmt" count="0"/>
                <line num="145" type="stmt" count="0"/>
                <line num="146" type="stmt" count="0"/>
                <line num="147" type="stmt" count="0"/>
                <metrics loc="147" ncloc="110" classes="1" methods="3" coveredmethods="0" conditionals="0" coveredconditionals="0" statements="147"
                         coveredstatements="0" elements="150" coveredelements="0"/>
            </file>
            <file name="/var/debra/vendor/debranova/calendar/src/Calendar/Controller/CalendarManagerController.php">
                <class name="CalendarManagerController" namespace="Calendar\Controller">
                    <metrics methods="4" coveredmethods="0" conditionals="0" coveredconditionals="0" statements="174" coveredstatements="0" elements="178"
                             coveredelements="0"/>
                </class>
                <line num="1" type="stmt" count="0"/>
                <line num="2" type="stmt" count="0"/>
                <line num="3" type="stmt" count="0"/>
                <line num="4" type="stmt" count="0"/>
                <line num="5" type="stmt" count="0"/>
                <line num="6" type="stmt" count="0"/>
                <line num="7" type="stmt" count="0"/>
                <line num="8" type="stmt" count="0"/>
                <line num="9" type="stmt" count="0"/>
                <line num="10" type="stmt" count="0"/>
                <line num="11" type="stmt" count="0"/>
                <line num="12" type="stmt" count="0"/>
                <line num="13" type="stmt" count="0"/>
                <line num="14" type="stmt" count="0"/>
                <line num="15" type="stmt" count="0"/>
                <line num="16" type="stmt" count="0"/>
                <line num="17" type="stmt" count="0"/>
                <line num="18" type="stmt" count="0"/>
                <line num="19" type="stmt" count="0"/>
                <line num="20" type="stmt" count="0"/>
                <line num="21" type="stmt" count="0"/>
                <line num="22" type="stmt" count="0"/>
                <line num="23" type="stmt" count="0"/>
                <line num="24" type="stmt" count="0"/>
                <line num="25" type="stmt" count="0"/>
                <line num="26" type="stmt" count="0"/>
                <line num="27" type="stmt" count="0"/>
                <line num="28" type="stmt" count="0"/>
                <line num="29" type="stmt" count="0"/>
                <line num="30" type="stmt" count="0"/>
                <line num="31" type="method" name="overviewAction" crap="20" count="0"/>
                <line num="32" type="stmt" count="0"/>
                <line num="33" type="stmt" count="0"/>
                <line num="34" type="stmt" count="0"/>
                <line num="35" type="stmt" count="0"/>
                <line num="36" type="stmt" count="0"/>
                <line num="37" type="stmt" count="0"/>
                <line num="38" type="stmt" count="0"/>
                <line num="39" type="stmt" count="0"/>
                <line num="40" type="stmt" count="0"/>
                <line num="41" type="stmt" count="0"/>
                <line num="42" type="stmt" count="0"/>
                <line num="43" type="stmt" count="0"/>
                <line num="44" type="stmt" count="0"/>
                <line num="45" type="stmt" count="0"/>
                <line num="46" type="stmt" count="0"/>
                <line num="47" type="stmt" count="0"/>
                <line num="48" type="stmt" count="0"/>
                <line num="49" type="stmt" count="0"/>
                <line num="50" type="stmt" count="0"/>
                <line num="51" type="stmt" count="0"/>
                <line num="52" type="stmt" count="0"/>
                <line num="53" type="stmt" count="0"/>
                <line num="54" type="stmt" count="0"/>
                <line num="55" type="stmt" count="0"/>
                <line num="56" type="stmt" count="0"/>
                <line num="57" type="stmt" count="0"/>
                <line num="58" type="stmt" count="0"/>
                <line num="59" type="stmt" count="0"/>
                <line num="60" type="stmt" count="0"/>
                <line num="61" type="stmt" count="0"/>
                <line num="62" type="stmt" count="0"/>
                <line num="63" type="stmt" count="0"/>
                <line num="64" type="stmt" count="0"/>
                <line num="65" type="stmt" count="0"/>
                <line num="66" type="stmt" count="0"/>
                <line num="67" type="stmt" count="0"/>
                <line num="68" type="stmt" count="0"/>
                <line num="69" type="stmt" count="0"/>
                <line num="70" type="stmt" count="0"/>
                <line num="71" type="stmt" count="0"/>
                <line num="72" type="stmt" count="0"/>
                <line num="73" type="stmt" count="0"/>
                <line num="74" type="stmt" count="0"/>
                <line num="75" type="stmt" count="0"/>
                <line num="76" type="stmt" count="0"/>
                <line num="77" type="stmt" count="0"/>
                <line num="78" type="stmt" count="0"/>
                <line num="79" type="stmt" count="0"/>
                <line num="80" type="stmt" count="0"/>
                <line num="81" type="stmt" count="0"/>
                <line num="82" type="stmt" count="0"/>
                <line num="83" type="stmt" count="0"/>
                <line num="84" type="stmt" count="0"/>
                <line num="85" type="stmt" count="0"/>
                <line num="86" type="method" name="newAction" crap="20" count="0"/>
                <line num="87" type="stmt" count="0"/>
                <line num="88" type="stmt" count="0"/>
                <line num="89" type="stmt" count="0"/>
                <line num="90" type="stmt" count="0"/>
                <line num="91" type="stmt" count="0"/>
                <line num="92" type="stmt" count="0"/>
                <line num="93" type="stmt" count="0"/>
                <line num="94" type="stmt" count="0"/>
                <line num="95" type="stmt" count="0"/>
                <line num="96" type="stmt" count="0"/>
                <line num="97" type="stmt" count="0"/>
                <line num="98" type="stmt" count="0"/>
                <line num="99" type="stmt" count="0"/>
                <line num="100" type="stmt" count="0"/>
                <line num="101" type="stmt" count="0"/>
                <line num="102" type="stmt" count="0"/>
                <line num="103" type="stmt" count="0"/>
                <line num="104" type="stmt" count="0"/>
                <line num="105" type="stmt" count="0"/>
                <line num="106" type="stmt" count="0"/>
                <line num="107" type="stmt" count="0"/>
                <line num="108" type="stmt" count="0"/>
                <line num="109" type="stmt" count="0"/>
                <line num="110" type="stmt" count="0"/>
                <line num="111" type="stmt" count="0"/>
                <line num="112" type="stmt" count="0"/>
                <line num="113" type="stmt" count="0"/>
                <line num="114" type="stmt" count="0"/>
                <line num="115" type="stmt" count="0"/>
                <line num="116" type="stmt" count="0"/>
                <line num="117" type="stmt" count="0"/>
                <line num="118" type="method" name="editAction" crap="30" count="0"/>
                <line num="119" type="stmt" count="0"/>
                <line num="120" type="stmt" count="0"/>
                <line num="121" type="stmt" count="0"/>
                <line num="122" type="stmt" count="0"/>
                <line num="123" type="stmt" count="0"/>
                <line num="124" type="stmt" count="0"/>
                <line num="125" type="stmt" count="0"/>
                <line num="126" type="stmt" count="0"/>
                <line num="127" type="stmt" count="0"/>
                <line num="128" type="stmt" count="0"/>
                <line num="129" type="stmt" count="0"/>
                <line num="130" type="stmt" count="0"/>
                <line num="131" type="stmt" count="0"/>
                <line num="132" type="stmt" count="0"/>
                <line num="133" type="stmt" count="0"/>
                <line num="134" type="stmt" count="0"/>
                <line num="135" type="stmt" count="0"/>
                <line num="136" type="stmt" count="0"/>
                <line num="137" type="stmt" count="0"/>
                <line num="138" type="stmt" count="0"/>
                <line num="139" type="stmt" count="0"/>
                <line num="140" type="stmt" count="0"/>
                <line num="141" type="stmt" count="0"/>
                <line num="142" type="stmt" count="0"/>
                <line num="143" type="stmt" count="0"/>
                <line num="144" type="stmt" count="0"/>
                <line num="145" type="stmt" count="0"/>
                <line num="146" type="stmt" count="0"/>
                <line num="147" type="stmt" count="0"/>
                <line num="148" type="stmt" count="0"/>
                <line num="149" type="stmt" count="0"/>
                <line num="150" type="stmt" count="0"/>
                <line num="151" type="stmt" count="0"/>
                <line num="152" type="stmt" count="0"/>
                <line num="153" type="stmt" count="0"/>
                <line num="154" type="stmt" count="0"/>
                <line num="155" type="stmt" count="0"/>
                <line num="156" type="stmt" count="0"/>
                <line num="157" type="stmt" count="0"/>
                <line num="158" type="stmt" count="0"/>
                <line num="159" type="stmt" count="0"/>
                <line num="160" type="method" name="calendarAction" crap="20" count="0"/>
                <line num="161" type="stmt" count="0"/>
                <line num="162" type="stmt" count="0"/>
                <line num="163" type="stmt" count="0"/>
                <line num="164" type="stmt" count="0"/>
                <line num="165" type="stmt" count="0"/>
                <line num="166" type="stmt" count="0"/>
                <line num="167" type="stmt" count="0"/>
                <line num="168" type="stmt" count="0"/>
                <line num="169" type="stmt" count="0"/>
                <line num="170" type="stmt" count="0"/>
                <line num="171" type="stmt" count="0"/>
                <line num="172" type="stmt" count="0"/>
                <line num="173" type="stmt" count="0"/>
                <line num="174" type="stmt" count="0"/>
                <line num="175" type="stmt" count="0"/>
                <line num="176" type="stmt" count="0"/>
                <line num="177" type="stmt" count="0"/>
                <line num="178" type="stmt" count="0"/>
                <line num="179" type="stmt" count="0"/>
                <line num="180" type="stmt" count="0"/>
                <line num="181" type="stmt" count="0"/>
                <line num="182" type="stmt" count="0"/>
                <line num="183" type="stmt" count="0"/>
                <line num="184" type="stmt" count="0"/>
                <line num="185" type="stmt" count="0"/>
                <line num="186" type="stmt" count="0"/>
                <line num="187" type="stmt" count="0"/>
                <line num="188" type="stmt" count="0"/>
                <line num="189" type="stmt" count="0"/>
                <line num="190" type="stmt" count="0"/>
                <line num="191" type="stmt" count="0"/>
                <line num="192" type="stmt" count="0"/>
                <line num="193" type="stmt" count="0"/>
                <line num="194" type="stmt" count="0"/>
                <line num="195" type="stmt" count="0"/>
                <line num="196" type="stmt" count="0"/>
                <line num="197" type="stmt" count="0"/>
                <line num="198" type="stmt" count="0"/>
                <line num="199" type="stmt" count="0"/>
                <line num="200" type="stmt" count="0"/>
                <line num="201" type="stmt" count="0"/>
                <line num="202" type="stmt" count="0"/>
                <line num="203" type="stmt" count="0"/>
                <line num="204" type="stmt" count="0"/>
                <line num="205" type="stmt" count="0"/>
                <line num="206" type="stmt" count="0"/>
                <line num="207" type="stmt" count="0"/>
                <line num="208" type="stmt" count="0"/>
                <line num="209" type="stmt" count="0"/>
                <line num="210" type="stmt" count="0"/>
                <line num="211" type="stmt" count="0"/>
                <line num="212" type="stmt" count="0"/>
                <line num="213" type="stmt" count="0"/>
                <line num="214" type="stmt" count="0"/>
                <line num="215" type="stmt" count="0"/>
                <line num="216" type="stmt" count="0"/>
                <line num="217" type="stmt" count="0"/>
                <line num="218" type="stmt" count="0"/>
                <line num="219" type="stmt" count="0"/>
                <line num="220" type="stmt" count="0"/>
                <line num="221" type="stmt" count="0"/>
                <metrics loc="221" ncloc="172" classes="1" methods="4" coveredmethods="0" conditionals="0" coveredconditionals="0" statements="221"
                         coveredstatements="0" elements="225" coveredelements="0"/>
            </file>
            <file name="/var/debra/vendor/debranova/calendar/src/Calendar/Controller/ControllerInitializer.php">
                <class name="ControllerInitializer" namespace="Calendar\Controller" fullPackage="Service" category="Controller" package="Service">
                    <metrics methods="2" coveredmethods="0" conditionals="0" coveredconditionals="0" statements="18" coveredstatements="0" elements="20"
                             coveredelements="0"/>
                </class>
                <line num="40" type="method" name="initialize" crap="20" count="0"/>
                <line num="42" type="stmt" count="0"/>
                <line num="43" type="stmt" count="0"/>
                <line num="46" type="stmt" count="0"/>
                <line num="47" type="stmt" count="0"/>
                <line num="48" type="stmt" count="0"/>
                <line num="52" type="stmt" count="0"/>
                <line num="56" type="stmt" count="0"/>
                <line num="57" type="stmt" count="0"/>
                <line num="58" type="stmt" count="0"/>
                <line num="59" type="stmt" count="0"/>
                <line num="60" type="stmt" count="0"/>
                <line num="62" type="stmt" count="0"/>
                <line num="70" type="method" name="setInterface" crap="12" count="0"/>
                <line num="72" type="stmt" count="0"/>
                <line num="73" type="stmt" count="0"/>
                <line num="74" type="stmt" count="0"/>
                <line num="75" type="stmt" count="0"/>
                <line num="76" type="stmt" count="0"/>
                <line num="77" type="stmt" count="0"/>
                <metrics loc="78" ncloc="41" classes="1" methods="2" coveredmethods="0" conditionals="0" coveredconditionals="0" statements="18"
                         coveredstatements="0" elements="20" coveredelements="0"/>
            </file>
        </package>
        <package name="Calendar\Entity">
            <file name="/var/debra/vendor/debranova/calendar/src/Calendar/Entity/Calendar.php">
                <class name="Calendar" namespace="Calendar\Entity">
                    <metrics methods="56" coveredmethods="1" conditionals="0" coveredconditionals="0" statements="143" coveredstatements="5" elements="199"
                             coveredelements="6"/>
                </class>
                <line num="244" type="method" name="__construct" crap="1" count="1"/>
                <line num="246" type="stmt" count="1"/>
                <line num="247" type="stmt" count="1"/>
                <line num="248" type="stmt" count="1"/>
                <line num="249" type="stmt" count="1"/>
                <line num="250" type="stmt" count="1"/>
                <line num="259" type="method" name="__get" crap="2" count="0"/>
                <line num="261" type="stmt" count="0"/>
                <line num="272" type="method" name="__set" crap="2" count="0"/>
                <line num="274" type="stmt" count="0"/>
                <line num="275" type="stmt" count="0"/>
                <line num="282" type="method" name="addCall" crap="6" count="0"/>
                <line num="284" type="stmt" count="0"/>
                <line num="285" type="stmt" count="0"/>
                <line num="286" type="stmt" count="0"/>
                <line num="287" type="stmt" count="0"/>
                <line num="294" type="method" name="removeCall" crap="6" count="0"/>
                <line num="296" type="stmt" count="0"/>
                <line num="297" type="stmt" count="0"/>
                <line num="298" type="stmt" count="0"/>
                <line num="299" type="stmt" count="0"/>
                <line num="306" type="method" name="getResourceId" crap="2" count="0"/>
                <line num="308" type="stmt" count="0"/>
                <line num="319" type="method" name="setInputFilter" crap="2" count="0"/>
                <line num="321" type="stmt" count="0"/>
                <line num="327" type="method" name="getInputFilter" crap="6" count="0"/>
                <line num="329" type="stmt" count="0"/>
                <line num="330" type="stmt" count="0"/>
                <line num="331" type="stmt" count="0"/>
                <line num="332" type="stmt" count="0"/>
                <line num="333" type="stmt" count="0"/>
                <line num="335" type="stmt" count="0"/>
                <line num="336" type="stmt" count="0"/>
                <line num="338" type="stmt" count="0"/>
                <line num="339" type="stmt" count="0"/>
                <line num="340" type="stmt" count="0"/>
                <line num="342" type="stmt" count="0"/>
                <line num="343" type="stmt" count="0"/>
                <line num="344" type="stmt" count="0"/>
                <line num="345" type="stmt" count="0"/>
                <line num="347" type="stmt" count="0"/>
                <line num="348" type="stmt" count="0"/>
                <line num="350" type="stmt" count="0"/>
                <line num="351" type="stmt" count="0"/>
                <line num="352" type="stmt" count="0"/>
                <line num="354" type="stmt" count="0"/>
                <line num="355" type="stmt" count="0"/>
                <line num="356" type="stmt" count="0"/>
                <line num="357" type="stmt" count="0"/>
                <line num="359" type="stmt" count="0"/>
                <line num="360" type="stmt" count="0"/>
                <line num="362" type="stmt" count="0"/>
                <line num="363" type="stmt" count="0"/>
                <line num="364" type="stmt" count="0"/>
                <line num="367" type="stmt" count="0"/>
                <line num="369" type="stmt" count="0"/>
                <line num="371" type="stmt" count="0"/>
                <line num="372" type="stmt" count="0"/>
                <line num="373" type="stmt" count="0"/>
                <line num="374" type="stmt" count="0"/>
                <line num="375" type="stmt" count="0"/>
                <line num="376" type="stmt" count="0"/>
                <line num="377" type="stmt" count="0"/>
                <line num="379" type="stmt" count="0"/>
                <line num="380" type="stmt" count="0"/>
                <line num="382" type="stmt" count="0"/>
                <line num="383" type="stmt" count="0"/>
                <line num="384" type="stmt" count="0"/>
                <line num="387" type="stmt" count="0"/>
                <line num="389" type="stmt" count="0"/>
                <line num="391" type="stmt" count="0"/>
                <line num="393" type="stmt" count="0"/>
                <line num="396" type="stmt" count="0"/>
                <line num="397" type="stmt" count="0"/>
                <line num="398" type="method" name="anonymous function" crap="2" count="0"/>
                <line num="399" type="stmt" count="0"/>
                <line num="400" type="stmt" count="0"/>
                <line num="402" type="stmt" count="0"/>
                <line num="403" type="stmt" count="0"/>
                <line num="404" type="stmt" count="0"/>
                <line num="405" type="stmt" count="0"/>
                <line num="407" type="stmt" count="0"/>
                <line num="408" type="stmt" count="0"/>
                <line num="409" type="stmt" count="0"/>
                <line num="410" type="stmt" count="0"/>
                <line num="411" type="stmt" count="0"/>
                <line num="413" type="stmt" count="0"/>
                <line num="414" type="stmt" count="0"/>
                <line num="417" type="stmt" count="0"/>
                <line num="419" type="stmt" count="0"/>
                <line num="420" type="stmt" count="0"/>
                <line num="421" type="stmt" count="0"/>
                <line num="422" type="stmt" count="0"/>
                <line num="423" type="stmt" count="0"/>
                <line num="424" type="stmt" count="0"/>
                <line num="425" type="stmt" count="0"/>
                <line num="426" type="stmt" count="0"/>
                <line num="427" type="stmt" count="0"/>
                <line num="429" type="stmt" count="0"/>
                <line num="430" type="stmt" count="0"/>
                <line num="433" type="stmt" count="0"/>
                <line num="435" type="stmt" count="0"/>
                <line num="436" type="stmt" count="0"/>
                <line num="437" type="stmt" count="0"/>
                <line num="438" type="stmt" count="0"/>
                <line num="439" type="stmt" count="0"/>
                <line num="440" type="stmt" count="0"/>
                <line num="441" type="stmt" count="0"/>
                <line num="442" type="stmt" count="0"/>
                <line num="443" type="stmt" count="0"/>
                <line num="445" type="stmt" count="0"/>
                <line num="446" type="stmt" count="0"/>
                <line num="448" type="stmt" count="0"/>
                <line num="449" type="stmt" count="0"/>
                <line num="450" type="stmt" count="0"/>
                <line num="452" type="stmt" count="0"/>
                <line num="453" type="stmt" count="0"/>
                <line num="454" type="stmt" count="0"/>
                <line num="455" type="stmt" count="0"/>
                <line num="456" type="stmt" count="0"/>
                <line num="457" type="stmt" count="0"/>
                <line num="458" type="stmt" count="0"/>
                <line num="460" type="stmt" count="0"/>
                <line num="461" type="stmt" count="0"/>
                <line num="463" type="stmt" count="0"/>
                <line num="464" type="stmt" count="0"/>
                <line num="465" type="stmt" count="0"/>
                <line num="467" type="stmt" count="0"/>
                <line num="468" type="stmt" count="0"/>
                <line num="469" type="stmt" count="0"/>
                <line num="470" type="stmt" count="0"/>
                <line num="472" type="stmt" count="0"/>
                <line num="473" type="stmt" count="0"/>
                <line num="475" type="stmt" count="0"/>
                <line num="476" type="stmt" count="0"/>
                <line num="477" type="stmt" count="0"/>
                <line num="479" type="stmt" count="0"/>
                <line num="480" type="stmt" count="0"/>
                <line num="481" type="stmt" count="0"/>
                <line num="482" type="stmt" count="0"/>
                <line num="484" type="stmt" count="0"/>
                <line num="485" type="stmt" count="0"/>
                <line num="487" type="stmt" count="0"/>
                <line num="488" type="stmt" count="0"/>
                <line num="489" type="stmt" count="0"/>
                <line num="490" type="stmt" count="0"/>
                <line num="492" type="stmt" count="0"/>
                <line num="498" type="method" name="getFinalTemplates" crap="2" count="0"/>
                <line num="500" type="stmt" count="0"/>
                <line num="506" type="method" name="getOnHomepageTemplates" crap="2" count="0"/>
                <line num="508" type="stmt" count="0"/>
                <line num="514" type="method" name="__toString" crap="2" count="0"/>
                <line num="516" type="stmt" count="0"/>
                <line num="522" type="method" name="getCalendar" crap="2" count="0"/>
                <line num="524" type="stmt" count="0"/>
                <line num="530" type="method" name="setCalendar" crap="2" count="0"/>
                <line num="532" type="stmt" count="0"/>
                <line num="533" type="stmt" count="0"/>
                <line num="538" type="method" name="getCalendarContact" crap="2" count="0"/>
                <line num="540" type="stmt" count="0"/>
                <line num="546" type="method" name="setCalendarContact" crap="2" count="0"/>
                <line num="548" type="stmt" count="0"/>
                <line num="549" type="stmt" count="0"/>
                <line num="554" type="method" name="getContact" crap="2" count="0"/>
                <line num="556" type="stmt" count="0"/>
                <line num="562" type="method" name="setContact" crap="2" count="0"/>
                <line num="564" type="stmt" count="0"/>
                <line num="565" type="stmt" count="0"/>
                <line num="570" type="method" name="getDateCreated" crap="2" count="0"/>
                <line num="572" type="stmt" count="0"/>
                <line num="578" type="method" name="setDateCreated" crap="2" count="0"/>
                <line num="580" type="stmt" count="0"/>
                <line num="581" type="stmt" count="0"/>
                <line num="586" type="method" name="getDateEnd" crap="2" count="0"/>
                <line num="588" type="stmt" count="0"/>
                <line num="594" type="method" name="setDateEnd" crap="2" count="0"/>
                <line num="596" type="stmt" count="0"/>
                <line num="597" type="stmt" count="0"/>
                <line num="602" type="method" name="getDateFrom" crap="2" count="0"/>
                <line num="604" type="stmt" count="0"/>
                <line num="610" type="method" name="setDateFrom" crap="2" count="0"/>
                <line num="612" type="stmt" count="0"/>
                <line num="613" type="stmt" count="0"/>
                <line num="618" type="method" name="getDatePlan" crap="2" count="0"/>
                <line num="620" type="stmt" count="0"/>
                <line num="626" type="method" name="setDatePlan" crap="2" count="0"/>
                <line num="628" type="stmt" count="0"/>
                <line num="629" type="stmt" count="0"/>
                <line num="634" type="method" name="getDateUpdated" crap="2" count="0"/>
                <line num="636" type="stmt" count="0"/>
                <line num="642" type="method" name="setDateUpdated" crap="2" count="0"/>
                <line num="644" type="stmt" count="0"/>
                <line num="645" type="stmt" count="0"/>
                <line num="650" type="method" name="getDescription" crap="2" count="0"/>
                <line num="652" type="stmt" count="0"/>
                <line num="658" type="method" name="setDescription" crap="2" count="0"/>
                <line num="660" type="stmt" count="0"/>
                <line num="661" type="stmt" count="0"/>
                <line num="666" type="method" name="getDocument" crap="2" count="0"/>
                <line num="668" type="stmt" count="0"/>
                <line num="674" type="method" name="setDocument" crap="2" count="0"/>
                <line num="676" type="stmt" count="0"/>
                <line num="677" type="stmt" count="0"/>
                <line num="684" type="method" name="getFinal" crap="6" count="0"/>
                <line num="686" type="stmt" count="0"/>
                <line num="687" type="stmt" count="0"/>
                <line num="690" type="stmt" count="0"/>
                <line num="696" type="method" name="setFinal" crap="2" count="0"/>
                <line num="698" type="stmt" count="0"/>
                <line num="699" type="stmt" count="0"/>
                <line num="704" type="method" name="getId" crap="2" count="0"/>
                <line num="706" type="stmt" count="0"/>
                <line num="712" type="method" name="setId" crap="2" count="0"/>
                <line num="714" type="stmt" count="0"/>
                <line num="715" type="stmt" count="0"/>
                <line num="720" type="method" name="getImageUrl" crap="2" count="0"/>
                <line num="722" type="stmt" count="0"/>
                <line num="728" type="method" name="setImageUrl" crap="2" count="0"/>
                <line num="730" type="stmt" count="0"/>
                <line num="731" type="stmt" count="0"/>
                <line num="736" type="method" name="getLocation" crap="2" count="0"/>
                <line num="738" type="stmt" count="0"/>
                <line num="744" type="method" name="setLocation" crap="2" count="0"/>
                <line num="746" type="stmt" count="0"/>
                <line num="747" type="stmt" count="0"/>
                <line num="752" type="method" name="getSchedule" crap="2" count="0"/>
                <line num="754" type="stmt" count="0"/>
                <line num="760" type="method" name="setSchedule" crap="2" count="0"/>
                <line num="762" type="stmt" count="0"/>
                <line num="763" type="stmt" count="0"/>
                <line num="768" type="method" name="getType" crap="2" count="0"/>
                <line num="770" type="stmt" count="0"/>
                <line num="776" type="method" name="setType" crap="2" count="0"/>
                <line num="778" type="stmt" count="0"/>
                <line num="779" type="stmt" count="0"/>
                <line num="784" type="method" name="getUrl" crap="2" count="0"/>
                <line num="786" type="stmt" count="0"/>
                <line num="792" type="method" name="setUrl" crap="2" count="0"/>
                <line num="794" type="stmt" count="0"/>
                <line num="795" type="stmt" count="0"/>
                <line num="800" type="method" name="getProjectCalendar" crap="2" count="0"/>
                <line num="802" type="stmt" count="0"/>
                <line num="808" type="method" name="setProjectCalendar" crap="2" count="0"/>
                <line num="810" type="stmt" count="0"/>
                <line num="811" type="stmt" count="0"/>
                <line num="816" type="method" name="getCall" crap="2" count="0"/>
                <line num="818" type="stmt" count="0"/>
                <line num="824" type="method" name="setCall" crap="2" count="0"/>
                <line num="826" type="stmt" count="0"/>
                <line num="827" type="stmt" count="0"/>
                <line num="832" type="method" name="getDocRef" crap="2" count="0"/>
                <line num="834" type="stmt" count="0"/>
                <line num="840" type="method" name="setDocRef" crap="2" count="0"/>
                <line num="842" type="stmt" count="0"/>
                <line num="843" type="stmt" count="0"/>
                <line num="850" type="method" name="getOnHomepage" crap="6" count="0"/>
                <line num="852" type="stmt" count="0"/>
                <line num="853" type="stmt" count="0"/>
                <line num="856" type="stmt" count="0"/>
                <line num="862" type="method" name="setOnHomepage" crap="2" count="0"/>
                <line num="864" type="stmt" count="0"/>
                <line num="865" type="stmt" count="0"/>
                <line num="870" type="method" name="getSequence" crap="2" count="0"/>
                <line num="872" type="stmt" count="0"/>
                <line num="878" type="method" name="setSequence" crap="2" count="0"/>
                <line num="880" type="stmt" count="0"/>
                <line num="881" type="stmt" count="0"/>
                <metrics loc="882" ncloc="505" classes="1" methods="56" coveredmethods="1" conditionals="0" coveredconditionals="0" statements="211"
                         coveredstatements="5" elements="267" coveredelements="6"/>
            </file>
            <file name="/var/debra/vendor/debranova/calendar/src/Calendar/Entity/Contact.php">
                <class name="Contact" namespace="Calendar\Entity">
                    <metrics methods="11" coveredmethods="0" conditionals="0" coveredconditionals="0" statements="44" coveredstatements="0" elements="55"
                             coveredelements="0"/>
                </class>
                <line num="1" type="stmt" count="0"/>
                <line num="2" type="stmt" count="0"/>
                <line num="3" type="stmt" count="0"/>
                <line num="4" type="stmt" count="0"/>
                <line num="5" type="stmt" count="0"/>
                <line num="6" type="stmt" count="0"/>
                <line num="7" type="stmt" count="0"/>
                <line num="8" type="stmt" count="0"/>
                <line num="9" type="stmt" count="0"/>
                <line num="10" type="stmt" count="0"/>
                <line num="11" type="stmt" count="0"/>
                <line num="12" type="stmt" count="0"/>
                <line num="13" type="stmt" count="0"/>
                <line num="14" type="stmt" count="0"/>
                <line num="15" type="stmt" count="0"/>
                <line num="16" type="stmt" count="0"/>
                <line num="17" type="stmt" count="0"/>
                <line num="18" type="stmt" count="0"/>
                <line num="19" type="stmt" count="0"/>
                <line num="20" type="stmt" count="0"/>
                <line num="21" type="stmt" count="0"/>
                <line num="22" type="stmt" count="0"/>
                <line num="23" type="stmt" count="0"/>
                <line num="24" type="stmt" count="0"/>
                <line num="25" type="stmt" count="0"/>
                <line num="26" type="stmt" count="0"/>
                <line num="27" type="stmt" count="0"/>
                <line num="28" type="stmt" count="0"/>
                <line num="29" type="stmt" count="0"/>
                <line num="30" type="stmt" count="0"/>
                <line num="31" type="stmt" count="0"/>
                <line num="32" type="stmt" count="0"/>
                <line num="33" type="stmt" count="0"/>
                <line num="34" type="stmt" count="0"/>
                <line num="35" type="stmt" count="0"/>
                <line num="36" type="stmt" count="0"/>
                <line num="37" type="stmt" count="0"/>
                <line num="38" type="stmt" count="0"/>
                <line num="39" type="stmt" count="0"/>
                <line num="40" type="stmt" count="0"/>
                <line num="41" type="stmt" count="0"/>
                <line num="42" type="stmt" count="0"/>
                <line num="43" type="stmt" count="0"/>
                <line num="44" type="stmt" count="0"/>
                <line num="45" type="stmt" count="0"/>
                <line num="46" type="stmt" count="0"/>
                <line num="47" type="stmt" count="0"/>
                <line num="48" type="stmt" count="0"/>
                <line num="49" type="stmt" count="0"/>
                <line num="50" type="stmt" count="0"/>
                <line num="51" type="stmt" count="0"/>
                <line num="52" type="stmt" count="0"/>
                <line num="53" type="stmt" count="0"/>
                <line num="54" type="stmt" count="0"/>
                <line num="55" type="stmt" count="0"/>
                <line num="56" type="stmt" count="0"/>
                <line num="57" type="stmt" count="0"/>
                <line num="58" type="stmt" count="0"/>
                <line num="59" type="stmt" count="0"/>
                <line num="60" type="stmt" count="0"/>
                <line num="61" type="stmt" count="0"/>
                <line num="62" type="stmt" count="0"/>
                <line num="63" type="stmt" count="0"/>
                <line num="64" type="stmt" count="0"/>
                <line num="65" type="method" name="__toString" crap="2" count="0"/>
                <line num="66" type="stmt" count="0"/>
                <line num="67" type="stmt" count="0"/>
                <line num="68" type="stmt" count="0"/>
                <line num="69" type="stmt" count="0"/>
                <line num="70" type="stmt" count="0"/>
                <line num="71" type="stmt" count="0"/>
                <line num="72" type="stmt" count="0"/>
                <line num="73" type="method" name="setCalendar" crap="2" count="0"/>
                <line num="74" type="stmt" count="0"/>
                <line num="75" type="stmt" count="0"/>
                <line num="76" type="stmt" count="0"/>
                <line num="77" type="stmt" count="0"/>
                <line num="78" type="stmt" count="0"/>
                <line num="79" type="stmt" count="0"/>
                <line num="80" type="stmt" count="0"/>
                <line num="81" type="method" name="getCalendar" crap="2" count="0"/>
                <line num="82" type="stmt" count="0"/>
                <line num="83" type="stmt" count="0"/>
                <line num="84" type="stmt" count="0"/>
                <line num="85" type="stmt" count="0"/>
                <line num="86" type="stmt" count="0"/>
                <line num="87" type="stmt" count="0"/>
                <line num="88" type="stmt" count="0"/>
                <line num="89" type="method" name="setContact" crap="2" count="0"/>
                <line num="90" type="stmt" count="0"/>
                <line num="91" type="stmt" count="0"/>
                <line num="92" type="stmt" count="0"/>
                <line num="93" type="stmt" count="0"/>
                <line num="94" type="stmt" count="0"/>
[...]
                <line num="39" type="stmt" count="0"/>
                <line num="40" type="stmt" count="0"/>
                <line num="41" type="stmt" count="0"/>
                <line num="42" type="stmt" count="0"/>
                <line num="43" type="stmt" count="0"/>
                <line num="44" type="stmt" count="0"/>
                <line num="45" type="stmt" count="0"/>
                <line num="46" type="stmt" count="0"/>
                <line num="47" type="stmt" count="0"/>
                <line num="48" type="stmt" count="0"/>
                <line num="49" type="stmt" count="0"/>
                <line num="50" type="stmt" count="0"/>
                <line num="51" type="stmt" count="0"/>
                <line num="52" type="stmt" count="0"/>
                <line num="53" type="stmt" count="0"/>
                <line num="54" type="stmt" count="0"/>
                <line num="55" type="stmt" count="0"/>
                <line num="56" type="stmt" count="0"/>
                <line num="57" type="stmt" count="0"/>
                <line num="58" type="stmt" count="0"/>
                <line num="59" type="stmt" count="0"/>
                <line num="60" type="stmt" count="0"/>
                <line num="61" type="stmt" count="0"/>
                <line num="62" type="stmt" count="0"/>
                <line num="63" type="stmt" count="0"/>
                <line num="64" type="stmt" count="0"/>
                <line num="65" type="stmt" count="0"/>
                <line num="66" type="stmt" count="0"/>
                <line num="67" type="stmt" count="0"/>
                <line num="68" type="stmt" count="0"/>
                <line num="69" type="stmt" count="0"/>
                <line num="70" type="stmt" count="0"/>
                <line num="71" type="stmt" count="0"/>
                <line num="72" type="stmt" count="0"/>
                <line num="73" type="stmt" count="0"/>
                <line num="74" type="stmt" count="0"/>
                <line num="75" type="stmt" count="0"/>
                <line num="76" type="stmt" count="0"/>
                <line num="77" type="stmt" count="0"/>
                <line num="78" type="stmt" count="0"/>
                <line num="79" type="stmt" count="0"/>
                <line num="80" type="stmt" count="0"/>
                <line num="81" type="stmt" count="0"/>
                <line num="82" type="stmt" count="0"/>
                <line num="83" type="stmt" count="0"/>
                <line num="84" type="stmt" count="0"/>
                <line num="85" type="stmt" count="0"/>
                <line num="86" type="stmt" count="0"/>
                <line num="87" type="stmt" count="0"/>
                <line num="88" type="stmt" count="0"/>
                <line num="89" type="stmt" count="0"/>
                <line num="90" type="stmt" count="0"/>
                <line num="91" type="stmt" count="0"/>
                <line num="92" type="stmt" count="0"/>
                <line num="93" type="stmt" count="0"/>
                <line num="94" type="stmt" count="0"/>
                <line num="95" type="stmt" count="0"/>
                <line num="96" type="stmt" count="0"/>
                <line num="97" type="stmt" count="0"/>
                <line num="98" type="stmt" count="0"/>
                <line num="99" type="stmt" count="0"/>
                <line num="100" type="stmt" count="0"/>
                <line num="101" type="stmt" count="0"/>
                <line num="102" type="stmt" count="0"/>
                <line num="103" type="stmt" count="0"/>
                <line num="104" type="stmt" count="0"/>
                <line num="105" type="stmt" count="0"/>
                <line num="106" type="stmt" count="0"/>
                <line num="107" type="stmt" count="0"/>
                <line num="108" type="stmt" count="0"/>
                <line num="109" type="stmt" count="0"/>
                <line num="110" type="stmt" count="0"/>
                <line num="111" type="stmt" count="0"/>
                <line num="112" type="stmt" count="0"/>
                <line num="113" type="stmt" count="0"/>
                <line num="114" type="stmt" count="0"/>
                <line num="115" type="stmt" count="0"/>
                <line num="116" type="stmt" count="0"/>
                <line num="117" type="stmt" count="0"/>
                <line num="118" type="stmt" count="0"/>
                <line num="119" type="stmt" count="0"/>
                <line num="120" type="stmt" count="0"/>
                <line num="121" type="stmt" count="0"/>
                <line num="122" type="stmt" count="0"/>
                <line num="123" type="stmt" count="0"/>
                <line num="124" type="stmt" count="0"/>
                <line num="125" type="stmt" count="0"/>
                <line num="126" type="stmt" count="0"/>
                <line num="127" type="stmt" count="0"/>
                <line num="128" type="stmt" count="0"/>
                <line num="129" type="stmt" count="0"/>
                <line num="130" type="stmt" count="0"/>
                <line num="131" type="stmt" count="0"/>
                <line num="132" type="stmt" count="0"/>
                <line num="133" type="stmt" count="0"/>
                <line num="134" type="stmt" count="0"/>
                <line num="135" type="stmt" count="0"/>
                <line num="136" type="stmt" count="0"/>
                <line num="137" type="stmt" count="0"/>
                <line num="138" type="stmt" count="0"/>
                <line num="139" type="stmt" count="0"/>
                <line num="140" type="stmt" count="0"/>
                <line num="141" type="stmt" count="0"/>
                <line num="142" type="stmt" count="0"/>
                <line num="143" type="stmt" count="0"/>
                <line num="144" type="stmt" count="0"/>
                <line num="145" type="stmt" count="0"/>
                <line num="146" type="stmt" count="0"/>
                <line num="147" type="stmt" count="0"/>
                <line num="148" type="stmt" count="0"/>
                <metrics loc="148" ncloc="118" classes="1" methods="1" coveredmethods="0" conditionals="0" coveredconditionals="0" statements="148"
                         coveredstatements="0" elements="149" coveredelements="0"/>
            </file>
            <file name="/var/debra/vendor/debranova/calendar/src/Calendar/View/Helper/CalendarServiceProxy.php">
                <class name="CalendarServiceProxy" namespace="Calendar\View\Helper" fullPackage="Contact" package="Contact">
                    <metrics methods="2" coveredmethods="0" conditionals="0" coveredconditionals="0" statements="8" coveredstatements="0" elements="10"
                             coveredelements="0"/>
                </class>
                <line num="1" type="stmt" count="0"/>
                <line num="2" type="stmt" count="0"/>
                <line num="3" type="stmt" count="0"/>
                <line num="4" type="stmt" count="0"/>
                <line num="5" type="stmt" count="0"/>
                <line num="6" type="stmt" count="0"/>
                <line num="7" type="stmt" count="0"/>
                <line num="8" type="stmt" count="0"/>
                <line num="9" type="stmt" count="0"/>
                <line num="10" type="stmt" count="0"/>
                <line num="11" type="stmt" count="0"/>
                <line num="12" type="stmt" count="0"/>
                <line num="13" type="stmt" count="0"/>
                <line num="14" type="stmt" count="0"/>
                <line num="15" type="stmt" count="0"/>
                <line num="16" type="stmt" count="0"/>
                <line num="17" type="stmt" count="0"/>
                <line num="18" type="stmt" count="0"/>
                <line num="19" type="stmt" count="0"/>
                <line num="20" type="stmt" count="0"/>
                <line num="21" type="stmt" count="0"/>
                <line num="22" type="stmt" count="0"/>
                <line num="23" type="stmt" count="0"/>
                <line num="24" type="stmt" count="0"/>
                <line num="25" type="stmt" count="0"/>
                <line num="26" type="stmt" count="0"/>
                <line num="27" type="stmt" count="0"/>
                <line num="28" type="stmt" count="0"/>
                <line num="29" type="stmt" count="0"/>
                <line num="30" type="stmt" count="0"/>
                <line num="31" type="stmt" count="0"/>
                <line num="32" type="stmt" count="0"/>
                <line num="33" type="method" name="__construct" crap="2" count="0"/>
                <line num="34" type="stmt" count="0"/>
                <line num="35" type="stmt" count="0"/>
                <line num="36" type="stmt" count="0"/>
                <line num="37" type="stmt" count="0"/>
                <line num="38" type="stmt" count="0"/>
                <line num="39" type="stmt" count="0"/>
                <line num="40" type="stmt" count="0"/>
                <line num="41" type="stmt" count="0"/>
                <line num="42" type="stmt" count="0"/>
                <line num="43" type="method" name="__invoke" crap="2" count="0"/>
                <line num="44" type="stmt" count="0"/>
                <line num="45" type="stmt" count="0"/>
                <line num="46" type="stmt" count="0"/>
                <line num="47" type="stmt" count="0"/>
                <metrics loc="47" ncloc="22" classes="1" methods="2" coveredmethods="0" conditionals="0" coveredconditionals="0" statements="47"
                         coveredstatements="0" elements="49" coveredelements="0"/>
            </file>
            <file name="/var/debra/vendor/debranova/calendar/src/Calendar/View/Helper/DocumentLink.php">
                <class name="DocumentLink" namespace="Calendar\View\Helper" fullPackage="View.Helper" category="Calendar" package="View" subpackage="Helper">
                    <metrics methods="1" coveredmethods="0" conditionals="0" coveredconditionals="0" statements="70" coveredstatements="0" elements="71"
                             coveredelements="0"/>
                </class>
                <line num="1" type="stmt" count="0"/>
                <line num="2" type="stmt" count="0"/>
                <line num="3" type="stmt" count="0"/>
                <line num="4" type="stmt" count="0"/>
                <line num="5" type="stmt" count="0"/>
                <line num="6" type="stmt" count="0"/>
                <line num="7" type="stmt" count="0"/>
                <line num="8" type="stmt" count="0"/>
                <line num="9" type="stmt" count="0"/>
                <line num="10" type="stmt" count="0"/>
                <line num="11" type="stmt" count="0"/>
                <line num="12" type="stmt" count="0"/>
                <line num="13" type="stmt" count="0"/>
                <line num="14" type="stmt" count="0"/>
                <line num="15" type="stmt" count="0"/>
                <line num="16" type="stmt" count="0"/>
                <line num="17" type="stmt" count="0"/>
                <line num="18" type="stmt" count="0"/>
                <line num="19" type="stmt" count="0"/>
                <line num="20" type="stmt" count="0"/>
                <line num="21" type="stmt" count="0"/>
                <line num="22" type="stmt" count="0"/>
                <line num="23" type="stmt" count="0"/>
                <line num="24" type="stmt" count="0"/>
                <line num="25" type="stmt" count="0"/>
                <line num="26" type="stmt" count="0"/>
                <line num="27" type="stmt" count="0"/>
                <line num="28" type="stmt" count="0"/>
                <line num="29" type="stmt" count="0"/>
                <line num="30" type="stmt" count="0"/>
                <line num="31" type="stmt" count="0"/>
                <line num="32" type="stmt" count="0"/>
                <line num="33" type="stmt" count="0"/>
                <line num="34" type="method" name="__invoke" crap="110" count="0"/>
                <line num="35" type="stmt" count="0"/>
                <line num="36" type="stmt" count="0"/>
                <line num="37" type="stmt" count="0"/>
                <line num="38" type="stmt" count="0"/>
                <line num="39" type="stmt" count="0"/>
                <line num="40" type="stmt" count="0"/>
                <line num="41" type="stmt" count="0"/>
                <line num="42" type="stmt" count="0"/>
                <line num="43" type="stmt" count="0"/>
                <line num="44" type="stmt" count="0"/>
                <line num="45" type="stmt" count="0"/>
                <line num="46" type="stmt" count="0"/>
                <line num="47" type="stmt" count="0"/>
                <line num="48" type="stmt" count="0"/>
                <line num="49" type="stmt" count="0"/>
                <line num="50" type="stmt" count="0"/>
                <line num="51" type="stmt" count="0"/>
                <line num="52" type="stmt" count="0"/>
                <line num="53" type="stmt" count="0"/>
                <line num="54" type="stmt" count="0"/>
                <line num="55" type="stmt" count="0"/>
                <line num="56" type="stmt" count="0"/>
                <line num="57" type="stmt" count="0"/>
                <line num="58" type="stmt" count="0"/>
                <line num="59" type="stmt" count="0"/>
                <line num="60" type="stmt" count="0"/>
                <line num="61" type="stmt" count="0"/>
                <line num="62" type="stmt" count="0"/>
                <line num="63" type="stmt" count="0"/>
                <line num="64" type="stmt" count="0"/>
                <line num="65" type="stmt" count="0"/>
                <line num="66" type="stmt" count="0"/>
                <line num="67" type="stmt" count="0"/>
                <line num="68" type="stmt" count="0"/>
                <line num="69" type="stmt" count="0"/>
                <line num="70" type="stmt" count="0"/>
                <line num="71" type="stmt" count="0"/>
                <line num="72" type="stmt" count="0"/>
                <line num="73" type="stmt" count="0"/>
                <line num="74" type="stmt" count="0"/>
                <line num="75" type="stmt" count="0"/>
                <line num="76" type="stmt" count="0"/>
                <line num="77" type="stmt" count="0"/>
                <line num="78" type="stmt" count="0"/>
                <line num="79" type="stmt" count="0"/>
                <line num="80" type="stmt" count="0"/>
                <line num="81" type="stmt" count="0"/>
                <line num="82" type="stmt" count="0"/>
                <line num="83" type="stmt" count="0"/>
                <line num="84" type="stmt" count="0"/>
                <line num="85" type="stmt" count="0"/>
                <line num="86" type="stmt" count="0"/>
                <line num="87" type="stmt" count="0"/>
                <line num="88" type="stmt" count="0"/>
                <line num="89" type="stmt" count="0"/>
                <line num="90" type="stmt" count="0"/>
                <line num="91" type="stmt" count="0"/>
                <line num="92" type="stmt" count="0"/>
                <line num="93" type="stmt" count="0"/>
                <line num="94" type="stmt" count="0"/>
                <line num="95" type="stmt" count="0"/>
                <line num="96" type="stmt" count="0"/>
                <line num="97" type="stmt" count="0"/>
                <line num="98" type="stmt" count="0"/>
                <line num="99" type="stmt" count="0"/>
                <line num="100" type="stmt" count="0"/>
                <line num="101" type="stmt" count="0"/>
                <line num="102" type="stmt" count="0"/>
                <line num="103" type="stmt" count="0"/>
                <line num="104" type="stmt" count="0"/>
                <metrics loc="104" ncloc="80" classes="1" methods="1" coveredmethods="0" conditionals="0" coveredconditionals="0" statements="104"
                         coveredstatements="0" elements="105" coveredelements="0"/>
            </file>
            <file name="/var/debra/vendor/debranova/calendar/src/Calendar/View/Helper/PaginationLink.php">
                <class name="PaginationLink" namespace="Calendar\View\Helper" fullPackage="View.Helper" category="Content" package="View" subpackage="Helper">
                    <metrics methods="1" coveredmethods="0" conditionals="0" coveredconditionals="0" statements="18" coveredstatements="0" elements="19"
                             coveredelements="0"/>
                </class>
                <line num="1" type="stmt" count="0"/>
                <line num="2" type="stmt" count="0"/>
                <line num="3" type="stmt" count="0"/>
                <line num="4" type="stmt" count="0"/>
                <line num="5" type="stmt" count="0"/>
                <line num="6" type="stmt" count="0"/>
                <line num="7" type="stmt" count="0"/>
                <line num="8" type="stmt" count="0"/>
                <line num="9" type="stmt" count="0"/>
                <line num="10" type="stmt" count="0"/>
                <line num="11" type="stmt" count="0"/>
                <line num="12" type="stmt" count="0"/>
                <line num="13" type="stmt" count="0"/>
                <line num="14" type="stmt" count="0"/>
                <line num="15" type="stmt" count="0"/>
                <line num="16" type="stmt" count="0"/>
                <line num="17" type="stmt" count="0"/>
                <line num="18" type="stmt" count="0"/>
                <line num="19" type="stmt" count="0"/>
                <line num="20" type="stmt" count="0"/>
                <line num="21" type="stmt" count="0"/>
                <line num="22" type="stmt" count="0"/>
                <line num="23" type="stmt" count="0"/>
                <line num="24" type="stmt" count="0"/>
                <line num="25" type="stmt" count="0"/>
                <line num="26" type="stmt" count="0"/>
                <line num="27" type="stmt" count="0"/>
                <line num="28" type="stmt" count="0"/>
                <line num="29" type="stmt" count="0"/>
                <line num="30" type="stmt" count="0"/>
                <line num="31" type="stmt" count="0"/>
                <line num="32" type="method" name="__invoke" crap="2" count="0"/>
                <line num="33" type="stmt" count="0"/>
                <line num="34" type="stmt" count="0"/>
                <line num="35" type="stmt" count="0"/>
                <line num="36" type="stmt" count="0"/>
                <line num="37" type="stmt" count="0"/>
                <line num="38" type="stmt" count="0"/>
                <line num="39" type="stmt" count="0"/>
                <line num="40" type="stmt" count="0"/>
                <line num="41" type="stmt" count="0"/>
                <line num="42" type="stmt" count="0"/>
                <line num="43" type="stmt" count="0"/>
                <line num="44" type="stmt" count="0"/>
                <line num="45" type="stmt" count="0"/>
                <line num="46" type="stmt" count="0"/>
                <line num="47" type="stmt" count="0"/>
                <line num="48" type="stmt" count="0"/>
                <line num="49" type="stmt" count="0"/>
                <line num="50" type="stmt" count="0"/>
                <metrics loc="50" ncloc="27" classes="1" methods="1" coveredmethods="0" conditionals="0" coveredconditionals="0" statements="50"
                         coveredstatements="0" elements="51" coveredelements="0"/>
            </file>
        </package>
        <metrics files="40" loc="5782" ncloc="3501" classes="36" methods="284" coveredmethods="1" conditionals="0" coveredconditionals="0" statements="4643"
                 coveredstatements="7" elements="4927" coveredelements="8"/>
    </project>
</coverage>
